0 info it worked if it ends with ok
1 verbose cli [ 'node', '/usr/local/bin/npm', 'publish' ]
2 info using npm@1.4.28
3 info using node@v0.10.33
4 verbose publish [ '.' ]
5 verbose cache add [ '.', null ]
6 verbose cache add name=undefined spec="." args=[".",null]
7 verbose parsed url { protocol: null,
7 verbose parsed url   slashes: null,
7 verbose parsed url   auth: null,
7 verbose parsed url   host: null,
7 verbose parsed url   port: null,
7 verbose parsed url   hostname: null,
7 verbose parsed url   hash: null,
7 verbose parsed url   search: null,
7 verbose parsed url   query: null,
7 verbose parsed url   pathname: '.',
7 verbose parsed url   path: '.',
7 verbose parsed url   href: '.' }
8 silly lockFile 3a52ce78- .
9 verbose lock . /Users/tick/.npm/3a52ce78-.lock
10 verbose tar pack [ '/Users/tick/.npm/pan-utils/1.0.0/package.tgz', '.' ]
11 verbose tarball /Users/tick/.npm/pan-utils/1.0.0/package.tgz
12 verbose folder .
13 info prepublish pan-utils@1.0.0
14 silly lockFile 1f1177db-tar tar://.
15 verbose lock tar://. /Users/tick/.npm/1f1177db-tar.lock
16 silly lockFile 63b47f23--npm-pan-utils-1-0-0-package-tgz tar:///Users/tick/.npm/pan-utils/1.0.0/package.tgz
17 verbose lock tar:///Users/tick/.npm/pan-utils/1.0.0/package.tgz /Users/tick/.npm/63b47f23--npm-pan-utils-1-0-0-package-tgz.lock
18 silly lockFile 1f1177db-tar tar://.
19 silly lockFile 1f1177db-tar tar://.
20 silly lockFile 63b47f23--npm-pan-utils-1-0-0-package-tgz tar:///Users/tick/.npm/pan-utils/1.0.0/package.tgz
21 silly lockFile 63b47f23--npm-pan-utils-1-0-0-package-tgz tar:///Users/tick/.npm/pan-utils/1.0.0/package.tgz
22 silly lockFile 122462e8-tick-npm-pan-utils-1-0-0-package /Users/tick/.npm/pan-utils/1.0.0/package
23 verbose lock /Users/tick/.npm/pan-utils/1.0.0/package /Users/tick/.npm/122462e8-tick-npm-pan-utils-1-0-0-package.lock
24 silly lockFile 122462e8-tick-npm-pan-utils-1-0-0-package /Users/tick/.npm/pan-utils/1.0.0/package
25 silly lockFile 122462e8-tick-npm-pan-utils-1-0-0-package /Users/tick/.npm/pan-utils/1.0.0/package
26 silly lockFile 3a52ce78- .
27 silly lockFile 3a52ce78- .
28 silly publish { name: 'pan-utils',
28 silly publish   version: '1.0.0',
28 silly publish   description: 'Provide some basic but practical function. Such as file monitoring, file operation, type judgment.',
28 silly publish   main: 'index.js',
28 silly publish   scripts: { test: 'echo "Error: no test specified" && exit 1' },
28 silly publish   repository: { type: 'git', url: 'https://github.com/wheasy/pan-utils.git' },
28 silly publish   keywords: [ 'pandrojs' ],
28 silly publish   author: { name: 'tick' },
28 silly publish   license: 'ISC',
28 silly publish   bugs: { url: 'https://github.com/wheasy/pan-utils/issues' },
28 silly publish   homepage: 'https://github.com/wheasy/pan-utils',
28 silly publish   readme: '提供一些基础但实用的方法。例如文件监控、文件操作、类型判断。\n\n主要服务于PandoraJS项目',
28 silly publish   readmeFilename: 'readme.md',
28 silly publish   _id: 'pan-utils@1.0.0',
28 silly publish   _shasum: '9b137e79cd979061481928a10ec668b7ba35718c',
28 silly publish   _from: '.' }
29 verbose request where is /pan-utils
30 verbose request registry https://registry.npmjs.org/
31 verbose request id ec9b6efbc6b5537a
32 verbose url raw /pan-utils
33 verbose url resolving [ 'https://registry.npmjs.org/', './pan-utils' ]
34 verbose url resolved https://registry.npmjs.org/pan-utils
35 verbose request where is https://registry.npmjs.org/pan-utils
36 info trying registry request attempt 1 at 16:41:23
37 http PUT https://registry.npmjs.org/pan-utils
38 http 403 https://registry.npmjs.org/pan-utils
39 verbose headers { 'content-type': 'application/json',
39 verbose headers   'cache-control': 'max-age=60',
39 verbose headers   'content-length': '95',
39 verbose headers   'accept-ranges': 'bytes',
39 verbose headers   date: 'Wed, 10 Jun 2015 08:41:26 GMT',
39 verbose headers   via: '1.1 varnish',
39 verbose headers   connection: 'keep-alive',
39 verbose headers   'x-served-by': 'cache-sjc3133-SJC',
39 verbose headers   'x-cache': 'MISS',
39 verbose headers   'x-cache-hits': '0',
39 verbose headers   'x-timer': 'S1433925686.134563,VS0,VE169' }
40 error publish Failed PUT 403
41 error Error: "You cannot publish over the previously published version 1.0.0." : pan-utils
41 error     at RegClient.<anonymous> (/usr/local/lib/node_modules/npm/node_modules/npm-registry-client/lib/request.js:308:14)
41 error     at Request._callback (/usr/local/lib/node_modules/npm/node_modules/npm-registry-client/lib/request.js:246:65)
41 error     at Request.self.callback (/usr/local/lib/node_modules/npm/node_modules/request/request.js:236:22)
41 error     at Request.emit (events.js:98:17)
41 error     at Request.<anonymous> (/usr/local/lib/node_modules/npm/node_modules/request/request.js:1142:14)
41 error     at Request.emit (events.js:117:20)
41 error     at IncomingMessage.<anonymous> (/usr/local/lib/node_modules/npm/node_modules/request/request.js:1096:12)
41 error     at IncomingMessage.emit (events.js:117:20)
41 error     at _stream_readable.js:943:16
41 error     at process._tickCallback (node.js:419:13)
42 error If you need help, you may report this *entire* log,
42 error including the npm and node versions, at:
42 error     <http://github.com/npm/npm/issues>
43 error System Darwin 15.0.0
44 error command "node" "/usr/local/bin/npm" "publish"
45 error cwd /Users/tick/Projects/GitHub/pan-utils
46 error node -v v0.10.33
47 error npm -v 1.4.28
48 verbose exit [ 1, true ]
